<?xml version="1.0" encoding="UTF-8"?>
<testng-results skipped="0" failed="0" total="1" passed="1">
  <reporter-output>
    <line>
      <![CDATA[launching the browser......]]>
    </line>
    <line>
      <![CDATA[navigate to Home Page......]]>
    </line>
  </reporter-output>
  <suite name="Default suite" duration-ms="24567" started-at="2018-04-20T05:29:38Z" finished-at="2018-04-20T05:30:02Z">
    <groups>
    </groups>
    <test name="Default test" duration-ms="24567" started-at="2018-04-20T05:29:38Z" finished-at="2018-04-20T05:30:02Z">
      <class name="OrangeCrmTest">
        <test-method status="PASS" signature="configBS()[pri:0, instance:OrangeCrmTest@527740a2]" name="configBS" is-config="true" duration-ms="1109" started-at="2018-04-20T10:59:37Z" finished-at="2018-04-20T10:59:38Z">
          <reporter-output>
          </reporter-output>
        </test-method> <!-- configBS -->
        <test-method status="PASS" signature="configBC()[pri:0, instance:OrangeCrmTest@527740a2]" name="configBC" is-config="true" duration-ms="12995" started-at="2018-04-20T10:59:38Z" finished-at="2018-04-20T10:59:51Z">
          <reporter-output>
            <line>
              <![CDATA[launching the browser......]]>
            </line>
          </reporter-output>
        </test-method> <!-- configBC -->
        <test-method status="PASS" signature="configBM()[pri:0, instance:OrangeCrmTest@527740a2]" name="configBM" is-config="true" duration-ms="3512" started-at="2018-04-20T10:59:51Z" finished-at="2018-04-20T10:59:54Z">
          <reporter-output>
            <line>
              <![CDATA[navigate to Home Page......]]>
            </line>
          </reporter-output>
        </test-method> <!-- configBM -->
        <test-method status="PASS" signature="orangecrmTest()[pri:0, instance:OrangeCrmTest@527740a2]" name="orangecrmTest" duration-ms="8032" started-at="2018-04-20T10:59:54Z" finished-at="2018-04-20T11:00:02Z">
          <reporter-output>
          </reporter-output>
        </test-method> <!-- orangecrmTest -->
        <test-method status="PASS" signature="configAM()[pri:0, instance:OrangeCrmTest@527740a2]" name="configAM" is-config="true" duration-ms="1" started-at="2018-04-20T11:00:02Z" finished-at="2018-04-20T11:00:02Z">
          <reporter-output>
          </reporter-output>
        </test-method> <!-- configAM -->
        <test-method status="PASS" signature="configAC()[pri:0, instance:OrangeCrmTest@527740a2]" name="configAC" is-config="true" duration-ms="0" started-at="2018-04-20T11:00:02Z" finished-at="2018-04-20T11:00:02Z">
          <reporter-output>
          </reporter-output>
        </test-method> <!-- configAC -->
        <test-method status="PASS" signature="configAS()[pri:0, instance:OrangeCrmTest@527740a2]" name="configAS" is-config="true" duration-ms="469" started-at="2018-04-20T11:00:03Z" finished-at="2018-04-20T11:00:03Z">
          <reporter-output>
          </reporter-output>
        </test-method> <!-- configAS -->
      </class> <!-- OrangeCrmTest -->
    </test> <!-- Default test -->
  </suite> <!-- Default suite -->
</testng-results>
